0 silly argv {
0 silly argv   _: [ 'exec' ],
0 silly argv   args: [],
0 silly argv   '--': [
0 silly argv     'babel',
0 silly argv     'src',
0 silly argv     '-d',
0 silly argv     'dist',
0 silly argv     '--config-file',
0 silly argv     '../../babel.config.js'
0 silly argv   ],
0 silly argv   lernaVersion: '4.0.0',
0 silly argv   '$0': '/Users/qiaoling/Documents/workspace/self/create-cli/node_modules/.bin/lerna'
0 silly argv }
1 notice cli v4.0.0
2 verbose rootPath /Users/qiaoling/Documents/workspace/self/create-cli
3 error Error: Invalid package name "qlniu/create-react-ts": name can only contain URL-friendly characters
3 error     at invalidPackageName (/Users/qiaoling/Documents/workspace/self/create-cli/node_modules/npm-package-arg/npa.js:84:15)
3 error     at Result.setName (/Users/qiaoling/Documents/workspace/self/create-cli/node_modules/npm-package-arg/npa.js:119:11)
3 error     at new Result (/Users/qiaoling/Documents/workspace/self/create-cli/node_modules/npm-package-arg/npa.js:110:10)
3 error     at Function.resolve (/Users/qiaoling/Documents/workspace/self/create-cli/node_modules/npm-package-arg/npa.js:54:15)
3 error     at new Package (/Users/qiaoling/Documents/workspace/self/create-cli/node_modules/@lerna/package/index.js:95:26)
3 error     at /Users/qiaoling/Documents/workspace/self/create-cli/node_modules/@lerna/project/index.js:207:26
